2026-07-12T23:47:41+00:00 /media/site/e12fb0a927-1779670812/eit-logo-pink.png
  media match: /Users/powerplant/Sites/emintoyland/kirby/media/site/e12fb0a927-1779670812/eit-logo-pink.png exists=no
2026-07-12T23:48:13+00:00 /media/site/e12fb0a927-1783899071/eit-logo-pink.png
  media match: /Users/powerplant/Sites/emintoyland/kirby/media/site/e12fb0a927-1783899071/eit-logo-pink.png exists=no
2026-07-12T23:49:08+00:00 /media/site/e12fb0a927/eit-logo-pink.png
  media match: /Users/powerplant/Sites/emintoyland/kirby/media/site/e12fb0a927/eit-logo-pink.png exists=no
2026-07-12T23:49:13+00:00 /api/query
2026-07-12T23:49:42+00:00 /api/media-proxy/eit-logo-pink.png
2026-07-12T23:50:00+00:00 /media-proxy/eit-logo-pink.png
2026-07-12T23:50:00+00:00 /media-proxy/eit-logo-pink.png
2026-07-12T23:50:43+00:00 /media-proxy/eit-logo-pink.png
2026-07-12T23:50:43+00:00 /media-proxy/atms-tv.png
2026-07-12T23:50:44+00:00 /media-proxy/eit-logo-pink.png
2026-07-12T23:51:04+00:00 /api/query
2026-07-12T23:51:04+00:00 /api/query
2026-07-12T23:51:04+00:00 /api/query
2026-07-12T23:51:04+00:00 /api/query
2026-07-12T23:51:04+00:00 /api/query
2026-07-12T23:51:04+00:00 /api/query
2026-07-12T23:51:04+00:00 /api/query
2026-07-12T23:51:04+00:00 /api/query
2026-07-12T23:51:04+00:00 /api/query
2026-07-12T23:51:04+00:00 /api/query
2026-07-12T23:51:04+00:00 /api/query
2026-07-12T23:51:04+00:00 /api/query
2026-07-12T23:51:04+00:00 /api/query
2026-07-12T23:51:04+00:00 /api/query
2026-07-12T23:51:04+00:00 /api/query
2026-07-12T23:51:04+00:00 /api/query
2026-07-12T23:51:04+00:00 /api/query
2026-07-12T23:51:04+00:00 /api/query
2026-07-12T23:51:04+00:00 /api/query
2026-07-12T23:51:04+00:00 /api/query
2026-07-12T23:51:04+00:00 /api/query
2026-07-12T23:51:04+00:00 /api/query
2026-07-12T23:51:04+00:00 /api/query
2026-07-12T23:51:04+00:00 /api/query
2026-07-12T23:51:04+00:00 /api/query
2026-07-12T23:51:04+00:00 /api/query
2026-07-12T23:51:04+00:00 /api/query
2026-07-12T23:51:04+00:00 /api/query
2026-07-12T23:51:04+00:00 /api/query
2026-07-12T23:51:05+00:00 /api/query
2026-07-12T23:51:05+00:00 /api/query
2026-07-12T23:51:05+00:00 /api/query
2026-07-12T23:51:05+00:00 /api/query
2026-07-12T23:51:05+00:00 /api/query
2026-07-12T23:51:05+00:00 /api/query
2026-07-12T23:51:05+00:00 /api/query
2026-07-12T23:51:05+00:00 /api/query
2026-07-12T23:51:05+00:00 /api/query
2026-07-12T23:51:05+00:00 /api/query
2026-07-12T23:51:05+00:00 /api/query
2026-07-12T23:51:05+00:00 /api/query
2026-07-12T23:51:05+00:00 /api/query
2026-07-12T23:51:05+00:00 /api/query
2026-07-12T23:51:05+00:00 /api/query
2026-07-12T23:51:05+00:00 /api/query
2026-07-12T23:51:05+00:00 /api/query
2026-07-12T23:51:05+00:00 /api/query
2026-07-12T23:51:05+00:00 /api/query
2026-07-12T23:51:05+00:00 /api/query
2026-07-12T23:51:05+00:00 /api/query
2026-07-12T23:51:05+00:00 /api/query
2026-07-12T23:51:05+00:00 /api/query
2026-07-12T23:51:05+00:00 /api/query
2026-07-12T23:51:05+00:00 /api/query
2026-07-12T23:51:05+00:00 /api/query
2026-07-12T23:51:05+00:00 /api/query
2026-07-12T23:51:05+00:00 /api/query
2026-07-12T23:51:05+00:00 /api/query
2026-07-12T23:51:05+00:00 /media-proxy/eit-logo-pink.png
2026-07-12T23:51:05+00:00 /media-proxy/eit-toys-left.png
2026-07-12T23:51:05+00:00 /media-proxy/eit-toys-right.png
2026-07-12T23:51:05+00:00 /media-proxy/eit-logo-shadow.png
2026-07-12T23:51:09+00:00 /api/query
2026-07-12T23:51:09+00:00 /api/query
2026-07-12T23:51:09+00:00 /api/query
2026-07-12T23:51:09+00:00 /api/query
2026-07-12T23:51:09+00:00 /api/query
2026-07-12T23:51:09+00:00 /api/query
2026-07-12T23:51:09+00:00 /api/query
2026-07-12T23:51:09+00:00 /api/query
2026-07-12T23:51:09+00:00 /api/query
2026-07-12T23:51:09+00:00 /api/query
2026-07-12T23:51:09+00:00 /api/query
2026-07-12T23:51:09+00:00 /api/query
2026-07-12T23:51:09+00:00 /api/query
2026-07-12T23:51:09+00:00 /api/query
2026-07-12T23:51:09+00:00 /api/query
2026-07-12T23:51:09+00:00 /api/query
2026-07-12T23:51:09+00:00 /api/query
2026-07-12T23:51:09+00:00 /api/query
2026-07-12T23:51:09+00:00 /api/query
2026-07-12T23:51:09+00:00 /api/query
2026-07-12T23:51:09+00:00 /api/query
2026-07-12T23:51:09+00:00 /api/query
2026-07-12T23:51:09+00:00 /api/query
2026-07-12T23:51:09+00:00 /api/query
2026-07-12T23:51:09+00:00 /api/query
2026-07-12T23:51:09+00:00 /api/query
2026-07-12T23:51:09+00:00 /api/query
2026-07-12T23:51:09+00:00 /api/query
2026-07-12T23:51:09+00:00 /api/query
2026-07-12T23:51:09+00:00 /media-proxy/eit-home-hero.jpg
2026-07-12T23:51:09+00:00 /media-proxy/electric-rodeo-cover.png
2026-07-12T23:51:09+00:00 /media-proxy/atms-tv.png
2026-07-12T23:51:09+00:00 /media-proxy/sex-school-thumb.png
2026-07-12T23:51:09+00:00 /media-proxy/eit-about.jpg
2026-07-12T23:51:09+00:00 /media-proxy/eit-about-hero.jpg
2026-07-12T23:51:09+00:00 /media-proxy/logo-isee.png
2026-07-12T23:51:09+00:00 /media-proxy/logo-massey.png
2026-07-12T23:51:09+00:00 /media-proxy/logo-semrush.jpg
2026-07-12T23:51:09+00:00 /media-proxy/eit-hotshots.jpg
2026-07-12T23:51:09+00:00 /media-proxy/eit-rad.jpg
2026-07-12T23:51:09+00:00 /media-proxy/cosmo-swinging.png
2026-07-12T23:51:09+00:00 /media-proxy/pegging-article.png
2026-07-12T23:51:09+00:00 /media-proxy/consent-sex-toys.png
2026-07-12T23:51:09+00:00 /media-proxy/stuff-road-to-normalising.png
2026-07-12T23:51:09+00:00 /media-proxy/electric-rodeo-photo.jpeg
2026-07-12T23:51:09+00:00 /media-proxy/sex-school-photo.jpg
2026-07-12T23:51:09+00:00 /media/pages/blog/blog-test/439b397bcb-1783899071/eit-home-hero.jpg
  media match: /Users/powerplant/Sites/emintoyland/kirby/media/pages/blog/blog-test/439b397bcb-1783899071/eit-home-hero.jpg exists=no
2026-07-12T23:51:09+00:00 /api/query
2026-07-12T23:51:09+00:00 /api/query
2026-07-12T23:51:09+00:00 /api/query
2026-07-12T23:51:09+00:00 /api/query
2026-07-12T23:51:09+00:00 /api/query
2026-07-12T23:51:09+00:00 /api/query
2026-07-12T23:51:09+00:00 /api/query
2026-07-12T23:51:09+00:00 /api/query
2026-07-12T23:51:09+00:00 /api/query
2026-07-12T23:51:09+00:00 /api/query
2026-07-12T23:51:09+00:00 /api/query
2026-07-12T23:51:09+00:00 /api/query
2026-07-12T23:51:09+00:00 /api/query
2026-07-12T23:51:09+00:00 /api/query
2026-07-12T23:51:09+00:00 /api/query
2026-07-12T23:51:09+00:00 /api/query
2026-07-12T23:51:09+00:00 /api/query
2026-07-12T23:51:09+00:00 /api/query
2026-07-12T23:51:09+00:00 /api/query
2026-07-12T23:51:09+00:00 /api/query
2026-07-12T23:51:09+00:00 /api/query
2026-07-12T23:51:09+00:00 /api/query
2026-07-12T23:51:09+00:00 /api/query
2026-07-12T23:51:09+00:00 /api/query
2026-07-12T23:51:09+00:00 /api/query
2026-07-12T23:51:09+00:00 /api/query
2026-07-12T23:51:09+00:00 /api/query
2026-07-12T23:51:09+00:00 /api/query
2026-07-12T23:51:09+00:00 /api/query
2026-07-12T23:51:13+00:00 /api/query
2026-07-12T23:51:13+00:00 /api/query
2026-07-12T23:51:13+00:00 /api/query
2026-07-12T23:51:13+00:00 /api/query
2026-07-12T23:51:13+00:00 /api/query
2026-07-12T23:51:13+00:00 /api/query
2026-07-12T23:51:13+00:00 /api/query
2026-07-12T23:51:13+00:00 /api/query
2026-07-12T23:51:13+00:00 /api/query
2026-07-12T23:51:13+00:00 /api/query
2026-07-12T23:51:13+00:00 /api/query
2026-07-12T23:51:13+00:00 /api/query
2026-07-12T23:51:13+00:00 /api/query
2026-07-12T23:51:13+00:00 /api/query
2026-07-12T23:51:13+00:00 /api/query
2026-07-12T23:51:13+00:00 /api/query
2026-07-12T23:51:13+00:00 /api/query
2026-07-12T23:51:13+00:00 /api/query
2026-07-12T23:51:13+00:00 /api/query
2026-07-12T23:51:13+00:00 /api/query
2026-07-12T23:51:13+00:00 /api/query
2026-07-12T23:51:13+00:00 /api/query
2026-07-12T23:51:13+00:00 /api/query
2026-07-12T23:51:13+00:00 /api/query
2026-07-12T23:51:13+00:00 /api/query
2026-07-12T23:51:13+00:00 /api/query
2026-07-12T23:51:13+00:00 /api/query
2026-07-12T23:51:13+00:00 /api/query
2026-07-12T23:51:13+00:00 /api/query
2026-07-12T23:51:49+00:00 /media/pages/blog/blog-test/439b397bcb-1783899071/eit-home-hero.jpg
  media match: /Users/powerplant/Sites/emintoyland/kirby/media/pages/blog/blog-test/439b397bcb-1783899071/eit-home-hero.jpg exists=no
2026-07-12T23:52:24+00:00 /api/query
2026-07-12T23:52:24+00:00 /api/query
2026-07-12T23:52:24+00:00 /api/query
2026-07-12T23:52:24+00:00 /api/query
2026-07-12T23:52:24+00:00 /api/query
2026-07-12T23:52:24+00:00 /api/query
2026-07-12T23:52:24+00:00 /api/query
2026-07-12T23:52:24+00:00 /api/query
2026-07-12T23:52:24+00:00 /api/query
2026-07-12T23:52:24+00:00 /api/query
2026-07-12T23:52:24+00:00 /api/query
2026-07-12T23:52:24+00:00 /api/query
2026-07-12T23:52:24+00:00 /api/query
2026-07-12T23:52:24+00:00 /api/query
2026-07-12T23:52:24+00:00 /api/query
2026-07-12T23:52:24+00:00 /api/query
2026-07-12T23:52:24+00:00 /api/query
2026-07-12T23:52:24+00:00 /api/query
2026-07-12T23:52:24+00:00 /api/query
2026-07-12T23:52:24+00:00 /api/query
2026-07-12T23:52:24+00:00 /api/query
2026-07-12T23:52:24+00:00 /api/query
2026-07-12T23:52:24+00:00 /api/query
2026-07-12T23:52:24+00:00 /api/query
2026-07-12T23:52:24+00:00 /api/query
2026-07-12T23:52:24+00:00 /api/query
2026-07-12T23:52:24+00:00 /api/query
2026-07-12T23:52:24+00:00 /api/query
2026-07-12T23:52:24+00:00 /api/query
2026-07-12T23:54:32+00:00 /api/query
2026-07-12T23:54:32+00:00 /api/query
2026-07-12T23:54:32+00:00 /api/query
2026-07-12T23:54:32+00:00 /api/query
2026-07-12T23:54:32+00:00 /api/query
2026-07-12T23:54:32+00:00 /api/query
2026-07-12T23:54:32+00:00 /api/query
2026-07-12T23:54:32+00:00 /api/query
2026-07-12T23:54:32+00:00 /api/query
2026-07-12T23:54:32+00:00 /api/query
2026-07-12T23:54:32+00:00 /api/query
2026-07-12T23:54:32+00:00 /api/query
2026-07-12T23:54:32+00:00 /api/query
2026-07-12T23:54:33+00:00 /api/query
2026-07-12T23:54:33+00:00 /api/query
2026-07-12T23:54:33+00:00 /api/query
2026-07-12T23:54:33+00:00 /api/query
2026-07-12T23:54:33+00:00 /api/query
2026-07-12T23:54:33+00:00 /api/query
2026-07-12T23:54:33+00:00 /api/query
2026-07-12T23:54:33+00:00 /api/query
2026-07-12T23:54:33+00:00 /api/query
2026-07-12T23:54:33+00:00 /api/query
2026-07-12T23:54:33+00:00 /api/query
2026-07-12T23:54:33+00:00 /api/query
2026-07-12T23:54:33+00:00 /api/query
2026-07-12T23:54:33+00:00 /api/query
2026-07-12T23:54:33+00:00 /api/query
2026-07-12T23:54:33+00:00 /api/query
2026-07-12T23:54:33+00:00 /media/pages/blog/blog-test/439b397bcb-1783899071/eit-home-hero.jpg
  media match: /Users/powerplant/Sites/emintoyland/kirby/media/pages/blog/blog-test/439b397bcb-1783899071/eit-home-hero.jpg exists=no
2026-07-12T23:54:53+00:00 /api/query
2026-07-12T23:55:21+00:00 /api/query
2026-07-12T23:55:21+00:00 /api/query
2026-07-12T23:55:21+00:00 /api/query
2026-07-12T23:55:21+00:00 /api/query
2026-07-12T23:55:21+00:00 /api/query
2026-07-12T23:55:21+00:00 /api/query
2026-07-12T23:55:21+00:00 /api/query
2026-07-12T23:55:21+00:00 /api/query
2026-07-12T23:55:21+00:00 /api/query
2026-07-12T23:55:21+00:00 /api/query
2026-07-12T23:55:21+00:00 /api/query
2026-07-12T23:55:21+00:00 /api/query
2026-07-12T23:55:21+00:00 /api/query
2026-07-12T23:55:21+00:00 /api/query
2026-07-12T23:55:21+00:00 /api/query
2026-07-12T23:55:21+00:00 /api/query
2026-07-12T23:55:21+00:00 /api/query
2026-07-12T23:55:21+00:00 /api/query
2026-07-12T23:55:21+00:00 /api/query
2026-07-12T23:55:21+00:00 /api/query
2026-07-12T23:55:21+00:00 /api/query
2026-07-12T23:55:21+00:00 /api/query
2026-07-12T23:55:21+00:00 /api/query
2026-07-12T23:55:21+00:00 /api/query
2026-07-12T23:55:21+00:00 /api/query
2026-07-12T23:55:21+00:00 /api/query
2026-07-12T23:55:21+00:00 /api/query
2026-07-12T23:55:21+00:00 /api/query
2026-07-12T23:55:21+00:00 /api/query
2026-07-13T01:49:11+00:00 /api/query
2026-07-13T01:49:11+00:00 /api/query
2026-07-13T01:49:11+00:00 /api/query
2026-07-13T01:49:11+00:00 /api/query
2026-07-13T01:49:11+00:00 /api/query
2026-07-13T01:49:11+00:00 /api/query
2026-07-13T01:49:11+00:00 /api/query
2026-07-13T01:49:11+00:00 /api/query
2026-07-13T01:49:11+00:00 /api/query
2026-07-13T01:49:11+00:00 /api/query
2026-07-13T01:49:11+00:00 /api/query
2026-07-13T01:49:11+00:00 /api/query
2026-07-13T01:49:11+00:00 /api/query
2026-07-13T01:49:11+00:00 /api/query
2026-07-13T01:49:11+00:00 /api/query
2026-07-13T01:49:11+00:00 /api/query
2026-07-13T01:49:11+00:00 /api/query
2026-07-13T01:49:11+00:00 /api/query
2026-07-13T01:49:11+00:00 /api/query
2026-07-13T01:49:11+00:00 /api/query
2026-07-13T01:49:11+00:00 /api/query
2026-07-13T01:49:11+00:00 /api/query
2026-07-13T01:49:11+00:00 /api/query
2026-07-13T01:49:11+00:00 /api/query
2026-07-13T01:49:11+00:00 /api/query
2026-07-13T01:49:11+00:00 /api/query
2026-07-13T01:49:11+00:00 /api/query
2026-07-13T01:49:11+00:00 /api/query
2026-07-13T01:49:11+00:00 /api/query
2026-07-13T01:49:34+00:00 /api/query
2026-07-13T01:49:37+00:00 /api/query
2026-07-13T01:49:37+00:00 /api/query
2026-07-13T01:49:37+00:00 /api/query
2026-07-13T01:49:37+00:00 /api/query
2026-07-13T01:49:37+00:00 /api/query
2026-07-13T01:49:37+00:00 /api/query
2026-07-13T01:49:37+00:00 /api/query
2026-07-13T01:49:37+00:00 /api/query
2026-07-13T01:49:37+00:00 /api/query
2026-07-13T01:49:37+00:00 /api/query
2026-07-13T01:49:37+00:00 /api/query
2026-07-13T01:49:37+00:00 /api/query
2026-07-13T01:49:37+00:00 /api/query
2026-07-13T01:49:37+00:00 /api/query
2026-07-13T01:49:37+00:00 /api/query
2026-07-13T01:49:37+00:00 /api/query
2026-07-13T01:49:37+00:00 /api/query
2026-07-13T01:49:37+00:00 /api/query
2026-07-13T01:49:37+00:00 /api/query
2026-07-13T01:49:37+00:00 /api/query
2026-07-13T01:49:37+00:00 /api/query
2026-07-13T01:49:37+00:00 /api/query
2026-07-13T01:49:37+00:00 /api/query
2026-07-13T01:49:37+00:00 /api/query
2026-07-13T01:49:37+00:00 /api/query
2026-07-13T01:49:37+00:00 /api/query
2026-07-13T01:49:37+00:00 /api/query
2026-07-13T01:49:37+00:00 /api/query
2026-07-13T01:49:37+00:00 /api/query
2026-07-13T01:50:12+00:00 /api/query
2026-07-13T01:50:12+00:00 /api/query
2026-07-13T01:50:12+00:00 /api/query
2026-07-13T01:50:12+00:00 /api/query
2026-07-13T01:50:12+00:00 /api/query
2026-07-13T01:50:13+00:00 /api/query
2026-07-13T01:50:13+00:00 /api/query
2026-07-13T01:50:13+00:00 /api/query
2026-07-13T01:50:13+00:00 /api/query
2026-07-13T01:50:13+00:00 /api/query
2026-07-13T01:50:13+00:00 /api/query
2026-07-13T01:50:13+00:00 /api/query
2026-07-13T01:50:13+00:00 /api/query
2026-07-13T01:50:13+00:00 /api/query
2026-07-13T01:50:13+00:00 /api/query
2026-07-13T01:50:13+00:00 /api/query
2026-07-13T01:50:13+00:00 /api/query
2026-07-13T01:50:14+00:00 /api/query
2026-07-13T01:50:14+00:00 /api/query
2026-07-13T01:50:14+00:00 /api/query
2026-07-13T01:50:14+00:00 /api/query
2026-07-13T01:50:14+00:00 /api/query
2026-07-13T01:50:14+00:00 /api/query
2026-07-13T01:50:14+00:00 /api/query
2026-07-13T01:50:14+00:00 /api/query
2026-07-13T01:50:14+00:00 /api/query
2026-07-13T01:50:14+00:00 /api/query
2026-07-13T01:50:14+00:00 /api/query
2026-07-13T01:50:15+00:00 /api/query
2026-07-13T01:50:16+00:00 /media-proxy/eit-logo-pink.png
2026-07-13T01:50:16+00:00 /media-proxy/eit-toys-right.png
2026-07-13T01:50:16+00:00 /media-proxy/eit-home-hero.jpg
2026-07-13T01:50:16+00:00 /media-proxy/eit-logo-shadow.png
2026-07-13T01:50:16+00:00 /media-proxy/atms-tv.png
2026-07-13T01:50:16+00:00 /media-proxy/eit-toys-left.png
2026-07-13T01:50:16+00:00 /media-proxy/electric-rodeo-cover.png
2026-07-13T01:50:16+00:00 /media-proxy/sex-school-thumb.png
2026-07-13T01:50:16+00:00 /media-proxy/eit-about.jpg
2026-07-13T01:51:01+00:00 /media-proxy/logo-massey.png
2026-07-13T01:51:01+00:00 /media-proxy/logo-isee.png
2026-07-13T01:51:01+00:00 /media-proxy/logo-semrush.jpg
2026-07-13T01:51:01+00:00 /media-proxy/eit-about-hero.jpg
2026-07-13T01:51:01+00:00 /media-proxy/eit-hotshots.jpg
2026-07-13T01:51:40+00:00 /media-proxy/eit-rad.jpg
2026-07-13T01:51:50+00:00 /media-proxy/pegging-article.png
2026-07-13T01:51:50+00:00 /media-proxy/cosmo-swinging.png
2026-07-13T01:51:50+00:00 /media-proxy/consent-sex-toys.png
2026-07-13T01:51:50+00:00 /media-proxy/stuff-road-to-normalising.png
2026-07-13T01:52:41+00:00 /media-proxy/electric-rodeo-photo.jpeg
2026-07-13T01:53:05+00:00 /media-proxy/sex-school-photo.jpg
2026-07-13T01:56:57+00:00 /media-proxy/cat-ezgif.com-optimize.gif
2026-07-13T02:01:13+00:00 /media-proxy/cat-ezgif.com-optimize.gif
2026-07-13T02:05:52+00:00 /api/query
2026-07-13T02:05:52+00:00 /api/query
2026-07-13T02:05:52+00:00 /api/query
2026-07-13T02:05:52+00:00 /api/query
2026-07-13T02:05:52+00:00 /api/query
2026-07-13T02:05:52+00:00 /api/query
2026-07-13T02:05:52+00:00 /api/query
2026-07-13T02:05:52+00:00 /api/query
2026-07-13T02:05:52+00:00 /api/query
2026-07-13T02:05:52+00:00 /api/query
2026-07-13T02:05:52+00:00 /api/query
2026-07-13T02:05:52+00:00 /api/query
2026-07-13T02:05:52+00:00 /api/query
2026-07-13T02:05:52+00:00 /api/query
2026-07-13T02:05:52+00:00 /api/query
2026-07-13T02:05:52+00:00 /api/query
2026-07-13T02:05:52+00:00 /api/query
2026-07-13T02:05:52+00:00 /api/query
2026-07-13T02:05:52+00:00 /api/query
2026-07-13T02:05:52+00:00 /api/query
2026-07-13T02:05:52+00:00 /api/query
2026-07-13T02:05:52+00:00 /api/query
2026-07-13T02:05:52+00:00 /api/query
2026-07-13T02:05:52+00:00 /api/query
2026-07-13T02:05:52+00:00 /api/query
2026-07-13T02:05:52+00:00 /api/query
2026-07-13T02:05:52+00:00 /api/query
2026-07-13T02:05:52+00:00 /api/query
2026-07-13T02:05:52+00:00 /api/query
2026-07-13T02:06:17+00:00 /api/query
2026-07-13T02:06:17+00:00 /api/query
2026-07-13T02:06:17+00:00 /api/query
2026-07-13T02:06:17+00:00 /api/query
2026-07-13T02:06:17+00:00 /api/query
2026-07-13T02:06:17+00:00 /api/query
2026-07-13T02:06:17+00:00 /api/query
2026-07-13T02:06:17+00:00 /api/query
2026-07-13T02:06:17+00:00 /api/query
2026-07-13T02:06:17+00:00 /api/query
2026-07-13T02:06:17+00:00 /api/query
2026-07-13T02:06:17+00:00 /api/query
2026-07-13T02:06:17+00:00 /api/query
2026-07-13T02:06:17+00:00 /api/query
2026-07-13T02:06:17+00:00 /api/query
2026-07-13T02:06:17+00:00 /api/query
2026-07-13T02:06:17+00:00 /api/query
2026-07-13T02:06:17+00:00 /api/query
2026-07-13T02:06:17+00:00 /api/query
2026-07-13T02:06:17+00:00 /api/query
2026-07-13T02:06:17+00:00 /api/query
2026-07-13T02:06:17+00:00 /api/query
2026-07-13T02:06:17+00:00 /api/query
2026-07-13T02:06:17+00:00 /api/query
2026-07-13T02:06:17+00:00 /api/query
2026-07-13T02:06:17+00:00 /api/query
2026-07-13T02:06:17+00:00 /api/query
2026-07-13T02:06:17+00:00 /api/query
2026-07-13T02:06:17+00:00 /api/query
2026-07-13T02:13:03+00:00 /api/query
2026-07-13T02:13:03+00:00 /api/query
2026-07-13T02:13:03+00:00 /api/query
2026-07-13T02:13:03+00:00 /api/query
2026-07-13T02:13:03+00:00 /api/query
2026-07-13T02:13:03+00:00 /api/query
2026-07-13T02:13:03+00:00 /api/query
2026-07-13T02:13:03+00:00 /api/query
2026-07-13T02:13:03+00:00 /api/query
2026-07-13T02:13:03+00:00 /api/query
2026-07-13T02:13:03+00:00 /api/query
2026-07-13T02:13:03+00:00 /api/query
2026-07-13T02:13:03+00:00 /api/query
2026-07-13T02:13:03+00:00 /api/query
2026-07-13T02:13:03+00:00 /api/query
2026-07-13T02:13:03+00:00 /api/query
2026-07-13T02:13:03+00:00 /api/query
2026-07-13T02:13:03+00:00 /api/query
2026-07-13T02:13:03+00:00 /api/query
2026-07-13T02:13:03+00:00 /api/query
2026-07-13T02:13:03+00:00 /api/query
2026-07-13T02:13:03+00:00 /api/query
2026-07-13T02:13:03+00:00 /api/query
2026-07-13T02:13:03+00:00 /api/query
2026-07-13T02:13:03+00:00 /api/query
2026-07-13T02:13:03+00:00 /api/query
2026-07-13T02:13:03+00:00 /api/query
2026-07-13T02:13:03+00:00 /api/query
2026-07-13T02:13:03+00:00 /api/query
2026-07-13T02:13:07+00:00 /api/query
2026-07-13T02:13:07+00:00 /api/query
2026-07-13T02:13:07+00:00 /api/query
2026-07-13T02:13:07+00:00 /api/query
2026-07-13T02:13:07+00:00 /api/query
2026-07-13T02:13:08+00:00 /api/query
2026-07-13T02:13:08+00:00 /api/query
2026-07-13T02:13:08+00:00 /api/query
2026-07-13T02:13:08+00:00 /api/query
2026-07-13T02:13:08+00:00 /api/query
2026-07-13T02:13:08+00:00 /api/query
2026-07-13T02:13:08+00:00 /api/query
2026-07-13T02:13:08+00:00 /api/query
2026-07-13T02:13:08+00:00 /api/query
2026-07-13T02:13:08+00:00 /api/query
2026-07-13T02:13:08+00:00 /api/query
2026-07-13T02:13:08+00:00 /api/query
2026-07-13T02:13:09+00:00 /api/query
2026-07-13T02:13:09+00:00 /api/query
2026-07-13T02:13:09+00:00 /api/query
2026-07-13T02:13:09+00:00 /api/query
2026-07-13T02:13:09+00:00 /api/query
2026-07-13T02:13:09+00:00 /api/query
2026-07-13T02:14:01+00:00 /api/query
2026-07-13T02:14:01+00:00 /api/query
2026-07-13T02:14:01+00:00 /api/query
2026-07-13T02:14:01+00:00 /api/query
2026-07-13T02:14:01+00:00 /api/query
2026-07-13T02:14:01+00:00 /api/query
2026-07-13T02:14:01+00:00 /api/query
2026-07-13T02:14:01+00:00 /api/query
2026-07-13T02:14:01+00:00 /api/query
2026-07-13T02:14:01+00:00 /api/query
2026-07-13T02:14:01+00:00 /api/query
2026-07-13T02:14:01+00:00 /api/query
2026-07-13T02:14:01+00:00 /api/query
2026-07-13T02:14:01+00:00 /api/query
2026-07-13T02:14:01+00:00 /api/query
2026-07-13T02:14:01+00:00 /api/query
2026-07-13T02:14:01+00:00 /api/query
2026-07-13T02:14:01+00:00 /api/query
2026-07-13T02:14:01+00:00 /api/query
2026-07-13T02:14:01+00:00 /api/query
2026-07-13T02:14:01+00:00 /api/query
2026-07-13T02:14:01+00:00 /api/query
2026-07-13T02:14:01+00:00 /api/query
2026-07-13T02:14:01+00:00 /api/query
2026-07-13T02:14:01+00:00 /api/query
2026-07-13T02:14:01+00:00 /api/query
2026-07-13T02:14:01+00:00 /api/query
2026-07-13T02:14:01+00:00 /api/query
2026-07-13T02:14:01+00:00 /api/query
2026-07-13T02:14:36+00:00 /media-proxy/eit-rad.jpg
2026-07-13T02:14:45+00:00 /media-proxy/cosmo-swinging.png
2026-07-13T02:14:45+00:00 /media-proxy/consent-sex-toys.png
2026-07-13T02:14:45+00:00 /media-proxy/pegging-article.png
2026-07-13T02:14:45+00:00 /media-proxy/stuff-road-to-normalising.png
2026-07-13T02:15:35+00:00 /api/query
2026-07-13T02:15:35+00:00 /api/query
2026-07-13T02:15:35+00:00 /api/query
2026-07-13T02:15:35+00:00 /api/query
2026-07-13T02:15:35+00:00 /api/query
2026-07-13T02:15:35+00:00 /api/query
2026-07-13T02:15:35+00:00 /api/query
2026-07-13T02:15:35+00:00 /api/query
2026-07-13T02:15:35+00:00 /api/query
2026-07-13T02:15:35+00:00 /api/query
2026-07-13T02:15:35+00:00 /api/query
2026-07-13T02:15:35+00:00 /api/query
2026-07-13T02:15:35+00:00 /api/query
2026-07-13T02:15:35+00:00 /api/query
2026-07-13T02:15:35+00:00 /api/query
2026-07-13T02:15:35+00:00 /api/query
2026-07-13T02:15:35+00:00 /api/query
2026-07-13T02:15:35+00:00 /api/query
2026-07-13T02:15:35+00:00 /api/query
2026-07-13T02:15:35+00:00 /api/query
2026-07-13T02:15:35+00:00 /api/query
2026-07-13T02:15:35+00:00 /api/query
2026-07-13T02:15:35+00:00 /api/query
2026-07-13T02:15:35+00:00 /api/query
2026-07-13T02:15:35+00:00 /api/query
2026-07-13T02:15:35+00:00 /api/query
2026-07-13T02:15:35+00:00 /api/query
2026-07-13T02:15:35+00:00 /api/query
2026-07-13T02:15:35+00:00 /api/query
2026-07-13T02:15:38+00:00 /media-proxy/electric-rodeo-photo.jpeg
2026-07-13T02:15:38+00:00 /api/query
2026-07-13T02:15:38+00:00 /api/query
2026-07-13T02:15:38+00:00 /api/query
2026-07-13T02:15:38+00:00 /api/query
2026-07-13T02:15:38+00:00 /api/query
2026-07-13T02:15:38+00:00 /api/query
2026-07-13T02:15:38+00:00 /api/query
2026-07-13T02:15:38+00:00 /api/query
2026-07-13T02:15:38+00:00 /api/query
2026-07-13T02:15:38+00:00 /api/query
2026-07-13T02:15:38+00:00 /api/query
2026-07-13T02:15:38+00:00 /api/query
2026-07-13T02:15:38+00:00 /api/query
2026-07-13T02:15:38+00:00 /api/query
2026-07-13T02:15:38+00:00 /api/query
2026-07-13T02:15:38+00:00 /api/query
2026-07-13T02:15:38+00:00 /api/query
2026-07-13T02:15:38+00:00 /api/query
2026-07-13T02:15:38+00:00 /api/query
2026-07-13T02:15:38+00:00 /api/query
2026-07-13T02:15:38+00:00 /api/query
2026-07-13T02:15:38+00:00 /api/query
2026-07-13T02:15:38+00:00 /api/query
2026-07-13T02:15:38+00:00 /api/query
2026-07-13T02:15:38+00:00 /api/query
2026-07-13T02:15:38+00:00 /api/query
2026-07-13T02:15:38+00:00 /api/query
2026-07-13T02:15:38+00:00 /api/query
2026-07-13T02:15:38+00:00 /api/query
